[2024-08-25T13:36:20.657+0000] {taskinstance.py:1159} INFO - Dependencies all met for dep_context=non-requeueable deps ti=<TaskInstance: etl_reddit_pipeline.reddit_extraction scheduled__2024-08-24T00:00:00+00:00 [queued]>
[2024-08-25T13:36:20.662+0000] {taskinstance.py:1159} INFO - Dependencies all met for dep_context=requeueable deps ti=<TaskInstance: etl_reddit_pipeline.reddit_extraction scheduled__2024-08-24T00:00:00+00:00 [queued]>
[2024-08-25T13:36:20.662+0000] {taskinstance.py:1361} INFO - Starting attempt 1 of 1
[2024-08-25T13:36:20.668+0000] {taskinstance.py:1382} INFO - Executing <Task(PythonOperator): reddit_extraction> on 2024-08-24 00:00:00+00:00
[2024-08-25T13:36:20.672+0000] {standard_task_runner.py:57} INFO - Started process 50 to run task
[2024-08-25T13:36:20.678+0000] {standard_task_runner.py:84} INFO - Running: ['airflow', 'tasks', 'run', 'etl_reddit_pipeline', 'reddit_extraction', 'scheduled__2024-08-24T00:00:00+00:00', '--job-id', '2', '--raw', '--subdir', 'DAGS_FOLDER/reddit_dag.py', '--cfg-path', '/tmp/tmpfhzvg6qx']
[2024-08-25T13:36:20.681+0000] {standard_task_runner.py:85} INFO - Job 2: Subtask reddit_extraction
[2024-08-25T13:36:20.747+0000] {task_command.py:416} INFO - Running <TaskInstance: etl_reddit_pipeline.reddit_extraction scheduled__2024-08-24T00:00:00+00:00 [running]> on host 2d58a0ee3a4c
[2024-08-25T13:36:20.790+0000] {taskinstance.py:1662} INFO - Exporting env vars: AIRFLOW_CTX_DAG_OWNER='Kittaya' AIRFLOW_CTX_DAG_ID='etl_reddit_pipeline' AIRFLOW_CTX_TASK_ID='reddit_extraction' AIRFLOW_CTX_EXECUTION_DATE='2024-08-24T00:00:00+00:00' AIRFLOW_CTX_TRY_NUMBER='1' AIRFLOW_CTX_DAG_RUN_ID='scheduled__2024-08-24T00:00:00+00:00'
[2024-08-25T13:36:21.208+0000] {logging_mixin.py:151} INFO - connected to reddit!
[2024-08-25T13:36:21.208+0000] {logging_mixin.py:151} INFO - <praw.models.listing.generator.ListingGenerator object at 0xffff736deec0>
[2024-08-25T13:36:21.209+0000] {python.py:194} INFO - Done. Returned value was: None
[2024-08-25T13:36:21.219+0000] {taskinstance.py:1400} INFO - Marking task as SUCCESS. dag_id=etl_reddit_pipeline, task_id=reddit_extraction, execution_date=20240824T000000, start_date=20240825T133620, end_date=20240825T133621
[2024-08-25T13:36:21.254+0000] {local_task_job_runner.py:228} INFO - Task exited with return code 0
[2024-08-25T13:36:21.263+0000] {taskinstance.py:2778} INFO - 0 downstream tasks scheduled from follow-on schedule check
[2024-08-25T16:42:07.111+0000] {local_task_job_runner.py:123} INFO - ::group::Pre task execution logs
[2024-08-25T16:42:07.120+0000] {taskinstance.py:2603} INFO - Dependencies all met for dep_context=non-requeueable deps ti=<TaskInstance: etl_reddit_pipeline.reddit_extraction scheduled__2024-08-24T00:00:00+00:00 [queued]>
[2024-08-25T16:42:07.124+0000] {taskinstance.py:2603} INFO - Dependencies all met for dep_context=requeueable deps ti=<TaskInstance: etl_reddit_pipeline.reddit_extraction scheduled__2024-08-24T00:00:00+00:00 [queued]>
[2024-08-25T16:42:07.125+0000] {taskinstance.py:2856} INFO - Starting attempt 1 of 1
[2024-08-25T16:42:07.134+0000] {taskinstance.py:2879} INFO - Executing <Task(PythonOperator): reddit_extraction> on 2024-08-24 00:00:00+00:00
[2024-08-25T16:42:07.137+0000] {standard_task_runner.py:72} INFO - Started process 52 to run task
[2024-08-25T16:42:07.139+0000] {standard_task_runner.py:104} INFO - Running: ['airflow', 'tasks', 'run', 'etl_reddit_pipeline', 'reddit_extraction', 'scheduled__2024-08-24T00:00:00+00:00', '--job-id', '2', '--raw', '--subdir', 'DAGS_FOLDER/reddit_dag.py', '--cfg-path', '/tmp/tmpdwgdyv94']
[2024-08-25T16:42:07.142+0000] {standard_task_runner.py:105} INFO - Job 2: Subtask reddit_extraction
[2024-08-25T16:42:07.234+0000] {task_command.py:467} INFO - Running <TaskInstance: etl_reddit_pipeline.reddit_extraction scheduled__2024-08-24T00:00:00+00:00 [running]> on host d52e67a52229
[2024-08-25T16:42:07.321+0000] {taskinstance.py:3122} INFO - Exporting env vars: AIRFLOW_CTX_DAG_OWNER='Kittaya' AIRFLOW_CTX_DAG_ID='etl_reddit_pipeline' AIRFLOW_CTX_TASK_ID='reddit_extraction' AIRFLOW_CTX_EXECUTION_DATE='2024-08-24T00:00:00+00:00' AIRFLOW_CTX_TRY_NUMBER='1' AIRFLOW_CTX_DAG_RUN_ID='scheduled__2024-08-24T00:00:00+00:00'
[2024-08-25T16:42:07.322+0000] {taskinstance.py:731} INFO - ::endgroup::
[2024-08-25T16:42:07.881+0000] {logging_mixin.py:190} INFO - connected to reddit!
[2024-08-25T16:42:09.108+0000] {python.py:240} INFO - Done. Returned value was: /opt/airflow/data/output/reddit_20240825.csv
[2024-08-25T16:42:09.118+0000] {taskinstance.py:340} INFO - ::group::Post task execution logs
[2024-08-25T16:42:09.119+0000] {taskinstance.py:352} INFO - Marking task as SUCCESS. dag_id=etl_reddit_pipeline, task_id=reddit_extraction, run_id=scheduled__2024-08-24T00:00:00+00:00, execution_date=20240824T000000, start_date=20240825T164207, end_date=20240825T164209
[2024-08-25T16:42:09.173+0000] {local_task_job_runner.py:261} INFO - Task exited with return code 0
[2024-08-25T16:42:09.184+0000] {taskinstance.py:3891} INFO - 1 downstream tasks scheduled from follow-on schedule check
[2024-08-25T16:42:09.185+0000] {local_task_job_runner.py:240} INFO - ::endgroup::
